Using pre-set license
Built from '2020.3/staging' branch; Version is '2020.3.26f1 (7298b473bc1a) revision 7510196'; Using compiler version '192528614'; Build Type 'Release'
OS: 'Windows 11  (10.0.22000) 64bit Core' Language: 'en' Physical Memory: 16215 MB
BatchMode: 1, IsHumanControllingUs: 0, StartBugReporterOnCrash: 0, Is64bit: 1, IsPro: 0

COMMAND LINE ARGUMENTS:
C:\Program Files\Unity\Hub\Editor\2020.3.26f1\Editor\Unity.exe
-adb2
-batchMode
-noUpm
-name
AssetImportWorker0
-projectPath
C:/Users/mgior/Documents/GitHub/Global-Game-Jam-2022/Global Game Jam 2022
-logFile
Logs/AssetImportWorker0.log
-srvPort
50824
Successfully changed project path to: C:/Users/mgior/Documents/GitHub/Global-Game-Jam-2022/Global Game Jam 2022
C:/Users/mgior/Documents/GitHub/Global-Game-Jam-2022/Global Game Jam 2022
Using Asset Import Pipeline V2.
Refreshing native plugins compatible for Editor in 44.85 ms, found 3 plugins.
Preloading 0 native plugins for Editor in 0.00 ms.
Initialize engine version: 2020.3.26f1 (7298b473bc1a)
[Subsystems] Discovering subsystems at path C:/Program Files/Unity/Hub/Editor/2020.3.26f1/Editor/Data/Resources/UnitySubsystems
[Subsystems] Discovering subsystems at path C:/Users/mgior/Documents/GitHub/Global-Game-Jam-2022/Global Game Jam 2022/Assets
GfxDevice: creating device client; threaded=0
Direct3D:
    Version:  Direct3D 11.0 [level 11.1]
    Renderer: NVIDIA GeForce RTX 2060 (ID=0x1f15)
    Vendor:   
    VRAM:     5980 MB
    Driver:   27.21.14.6647
Initialize mono
Mono path[0] = 'C:/Program Files/Unity/Hub/Editor/2020.3.26f1/Editor/Data/Managed'
Mono path[1] = 'C:/Program Files/Unity/Hub/Editor/2020.3.26f1/Editor/Data/MonoBleedingEdge/lib/mono/unityjit'
Mono config path = 'C:/Program Files/Unity/Hub/Editor/2020.3.26f1/Editor/Data/MonoBleedingEdge/etc'
Using monoOptions --debugger-agent=transport=dt_socket,embedding=1,server=y,suspend=n,address=127.0.0.1:56600
Begin MonoManager ReloadAssembly
Registering precompiled unity dll's ...
Register platform support module: C:/Program Files/Unity/Hub/Editor/2020.3.26f1/Editor/Data/PlaybackEngines/WebGLSupport/UnityEditor.WebGL.Extensions.dll
Register platform support module: C:/Program Files/Unity/Hub/Editor/2020.3.26f1/Editor/Data/PlaybackEngines/WindowsStandaloneSupport/UnityEditor.WindowsStandalone.Extensions.dll
Registered in 0.001711 seconds.
Native extension for WindowsStandalone target not found
Native extension for WebGL target not found
Refreshing native plugins compatible for Editor in 46.37 ms, found 3 plugins.
Preloading 0 native plugins for Editor in 0.00 ms.
Mono: successfully reloaded assembly
- Completed reload, in  0.500 seconds
Domain Reload Profiling:
	ReloadAssembly (500ms)
		BeginReloadAssembly (44ms)
			ExecutionOrderSort (0ms)
			DisableScriptedObjects (0ms)
			BackupInstance (0ms)
			ReleaseScriptingObjects (0ms)
			CreateAndSetChildDomain (1ms)
		EndReloadAssembly (394ms)
			LoadAssemblies (42ms)
			RebuildTransferFunctionScriptingTraits (0ms)
			SetupTypeCache (133ms)
			ReleaseScriptCaches (0ms)
			RebuildScriptCaches (25ms)
			SetupLoadedEditorAssemblies (155ms)
				LogAssemblyErrors (0ms)
				InitializePlatformSupportModulesInManaged (5ms)
				SetLoadedEditorAssemblies (0ms)
				RefreshPlugins (46ms)
				BeforeProcessingInitializeOnLoad (7ms)
				ProcessInitializeOnLoadAttributes (72ms)
				ProcessInitializeOnLoadMethodAttributes (25ms)
				AfterProcessingInitializeOnLoad (0ms)
				EditorAssembliesLoaded (0ms)
			ExecutionOrderSort2 (0ms)
			AwakeInstancesAfterBackupRestoration (0ms)
Platform modules already initialized, skipping
Registering precompiled user dll's ...
Registered in 0.003965 seconds.
Begin MonoManager ReloadAssembly
Native extension for WindowsStandalone target not found
Native extension for WebGL target not found
Refreshing native plugins compatible for Editor in 42.15 ms, found 3 plugins.
Preloading 0 native plugins for Editor in 0.00 ms.
Mono: successfully reloaded assembly
- Completed reload, in  0.993 seconds
Domain Reload Profiling:
	ReloadAssembly (994ms)
		BeginReloadAssembly (121ms)
			ExecutionOrderSort (0ms)
			DisableScriptedObjects (4ms)
			BackupInstance (0ms)
			ReleaseScriptingObjects (0ms)
			CreateAndSetChildDomain (16ms)
		EndReloadAssembly (821ms)
			LoadAssemblies (78ms)
			RebuildTransferFunctionScriptingTraits (0ms)
			SetupTypeCache (278ms)
			ReleaseScriptCaches (0ms)
			RebuildScriptCaches (41ms)
			SetupLoadedEditorAssemblies (324ms)
				LogAssemblyErrors (0ms)
				InitializePlatformSupportModulesInManaged (4ms)
				SetLoadedEditorAssemblies (0ms)
				RefreshPlugins (42ms)
				BeforeProcessingInitializeOnLoad (58ms)
				ProcessInitializeOnLoadAttributes (201ms)
				ProcessInitializeOnLoadMethodAttributes (14ms)
				AfterProcessingInitializeOnLoad (4ms)
				EditorAssembliesLoaded (0ms)
			ExecutionOrderSort2 (0ms)
			AwakeInstancesAfterBackupRestoration (5ms)
Platform modules already initialized, skipping
========================================================================
Worker process is ready to serve import requests
Launched and connected shader compiler UnityShaderCompiler.exe after 0.06 seconds
Refreshing native plugins compatible for Editor in 0.46 ms, found 3 plugins.
Preloading 0 native plugins for Editor in 0.00 ms.
Unloading 2551 Unused Serialized files (Serialized files now loaded: 0)
System memory in use before: 111.2 MB.
System memory in use after: 111.4 MB.

Unloading 31 unused Assets to reduce memory usage. Loaded Objects now: 2984.
Total: 3.414100 ms (FindLiveObjects: 0.234500 ms CreateObjectMapping: 0.129900 ms MarkObjects: 2.991000 ms  DeleteObjects: 0.057700 ms)

AssetImportParameters requested are different than current active one (requested -> active):
  custom:framework-win-MediaFoundation: 216162199b28c13a410421893ffa2e32 -> 
  custom:video-decoder-ogg-theora: a1e56fd34408186e4bbccfd4996cb3dc -> 
  custom:container-muxer-webm: aa71ff27fc2769a1b78a27578f13a17b -> 
  custom:container-demuxer-webm: 4f35f7cbe854078d1ac9338744f61a02 -> 
  custom:container-demuxer-ogg: 62fdf1f143b41e24485cea50d1cbac27 -> 
  custom:video-encoder-webm-vp8: eb34c28f22e8b96e1ab97ce403110664 -> 
  custom:video-decoder-webm-vp8: 9c59270c3fd7afecdb556c50c9e8de78 -> 
  custom:audio-decoder-ogg-vorbis: bf7c407c2cedff20999df2af8eb42d56 -> 
  custom:audio-encoder-webm-vorbis: bf7c407c2cedff20999df2af8eb42d56 -> 
========================================================================
Received Import Request.
  path: Assets/Prefabs/A1R1.prefab
  artifactKey: Guid(a274c257ee02ffe4b86d023cf8db734d) Importer(815301076,1909f56bfc062723c751e8b465ee728b)
Start importing Assets/Prefabs/A1R1.prefab using Guid(a274c257ee02ffe4b86d023cf8db734d) Importer(815301076,1909f56bfc062723c751e8b465ee728b)  -> (artifact id: 'beaab8746675afe7f494f337167a9c2f') in 0.089821 seconds 
  Import took 0.094750 seconds .

========================================================================
Received Import Request.
  Time since last request: 0.000232 seconds.
  path: Assets/Prefabs/Key.prefab
  artifactKey: Guid(e96254396d4760f4599476f5d2ef1c1f) Importer(815301076,1909f56bfc062723c751e8b465ee728b)
Start importing Assets/Prefabs/Key.prefab using Guid(e96254396d4760f4599476f5d2ef1c1f) Importer(815301076,1909f56bfc062723c751e8b465ee728b)  -> (artifact id: '84864299f803ca02c7cac4e0fe1a707a') in 0.027043 seconds 
  Import took 0.030306 seconds .

========================================================================
Received Import Request.
  Time since last request: 48.775051 seconds.
  path: Assets/Sprites/princessPuppet.psb
  artifactKey: Guid(e2aa4705d0b6d034baa689c40a3ceaeb) Importer(815301076,1909f56bfc062723c751e8b465ee728b)
Start importing Assets/Sprites/princessPuppet.psb using Guid(e2aa4705d0b6d034baa689c40a3ceaeb) Importer(815301076,1909f56bfc062723c751e8b465ee728b)  -> (artifact id: 'fc542ba29095e3be5615527b6852094e') in 0.238076 seconds 
  Import took 0.242260 seconds .

========================================================================
Received Import Request.
  Time since last request: 78.617129 seconds.
  path: Assets/Sprites/princessPuppet.psb
  artifactKey: Guid(e2aa4705d0b6d034baa689c40a3ceaeb) Importer(815301076,1909f56bfc062723c751e8b465ee728b)
Start importing Assets/Sprites/princessPuppet.psb using Guid(e2aa4705d0b6d034baa689c40a3ceaeb) Importer(815301076,1909f56bfc062723c751e8b465ee728b)  -> (artifact id: '7e80dfe83e28c04bcd35182faf911924') in 0.154203 seconds 
  Import took 0.158282 seconds .

========================================================================
Received Import Request.
  Time since last request: 2041.639262 seconds.
  path: Assets/Sprites/princessPuppet.psb
  artifactKey: Guid(e2aa4705d0b6d034baa689c40a3ceaeb) Importer(815301076,1909f56bfc062723c751e8b465ee728b)
Start importing Assets/Sprites/princessPuppet.psb using Guid(e2aa4705d0b6d034baa689c40a3ceaeb) Importer(815301076,1909f56bfc062723c751e8b465ee728b)  -> (artifact id: 'bab543efe1ee8a035e6c30179b95bf15') in 0.127863 seconds 
  Import took 0.132079 seconds .

========================================================================
Received Import Request.
  Time since last request: 1103.908327 seconds.
  path: Assets/Sprites/princessPuppet.psb
  artifactKey: Guid(e2aa4705d0b6d034baa689c40a3ceaeb) Importer(815301076,1909f56bfc062723c751e8b465ee728b)
Start importing Assets/Sprites/princessPuppet.psb using Guid(e2aa4705d0b6d034baa689c40a3ceaeb) Importer(815301076,1909f56bfc062723c751e8b465ee728b)  -> (artifact id: 'dd9513a7e12066bdb08fca8be38f68ee') in 0.159060 seconds 
  Import took 0.163407 seconds .

========================================================================
Received Import Request.
  Time since last request: 2050.039916 seconds.
  path: Assets/Sprites/PrincessPuppet_ragdoll.anim
  artifactKey: Guid(85158cf17ae9f9c41a3cb29f4d37e6ef) Importer(815301076,1909f56bfc062723c751e8b465ee728b)
Start importing Assets/Sprites/PrincessPuppet_ragdoll.anim using Guid(85158cf17ae9f9c41a3cb29f4d37e6ef) Importer(815301076,1909f56bfc062723c751e8b465ee728b)  -> (artifact id: 'afbbc180e3914904fd2b3070489b2f64') in 0.013603 seconds 
  Import took 0.021312 seconds .

========================================================================
Received Import Request.
  Time since last request: 42.773433 seconds.
  path: Assets/Sprites/princessPuppet.controller
  artifactKey: Guid(588bdbdafbe92b042b1a3e653890630b) Importer(815301076,1909f56bfc062723c751e8b465ee728b)
Start importing Assets/Sprites/princessPuppet.controller using Guid(588bdbdafbe92b042b1a3e653890630b) Importer(815301076,1909f56bfc062723c751e8b465ee728b)  -> (artifact id: '45fce0b88d53da6524fb948f0eba7145') in 0.011628 seconds 
  Import took 0.016232 seconds .

========================================================================
Received Import Request.
  Time since last request: 13457.181095 seconds.
  path: Assets/Sprites/PrincessPuppet_ragdoll.anim
  artifactKey: Guid(85158cf17ae9f9c41a3cb29f4d37e6ef) Importer(815301076,1909f56bfc062723c751e8b465ee728b)
Start importing Assets/Sprites/PrincessPuppet_ragdoll.anim using Guid(85158cf17ae9f9c41a3cb29f4d37e6ef) Importer(815301076,1909f56bfc062723c751e8b465ee728b)  -> (artifact id: '64491c52c2308598f117be4f25b417ee') in 0.012664 seconds 
  Import took 0.041411 seconds .

