Using pre-set license
Built from '2020.3/staging' branch; Version is '2020.3.26f1 (7298b473bc1a) revision 7510196'; Using compiler version '192528614'; Build Type 'Release'
OS: 'Windows 10  (10.0.19042) 64bit Core' Language: 'en' Physical Memory: 16318 MB
BatchMode: 1, IsHumanControllingUs: 0, StartBugReporterOnCrash: 0, Is64bit: 1, IsPro: 0

COMMAND LINE ARGUMENTS:
D:\Unity\2020.3.26f1\Editor\Unity.exe
-adb2
-batchMode
-noUpm
-name
AssetImportWorker1
-projectPath
D:/Unity Projects/Global-Game-Jam-2022/Global-Game-Jam-2022/Global Game Jam 2022
-logFile
Logs/AssetImportWorker1.log
-srvPort
58771
Successfully changed project path to: D:/Unity Projects/Global-Game-Jam-2022/Global-Game-Jam-2022/Global Game Jam 2022
D:/Unity Projects/Global-Game-Jam-2022/Global-Game-Jam-2022/Global Game Jam 2022
Using Asset Import Pipeline V2.
Refreshing native plugins compatible for Editor in 43.08 ms, found 3 plugins.
Preloading 0 native plugins for Editor in 0.00 ms.
Initialize engine version: 2020.3.26f1 (7298b473bc1a)
[Subsystems] Discovering subsystems at path D:/Unity/2020.3.26f1/Editor/Data/Resources/UnitySubsystems
[Subsystems] Discovering subsystems at path D:/Unity Projects/Global-Game-Jam-2022/Global-Game-Jam-2022/Global Game Jam 2022/Assets
GfxDevice: creating device client; threaded=0
Direct3D:
    Version:  Direct3D 11.0 [level 11.1]
    Renderer: NVIDIA GeForce RTX 2070 SUPER (ID=0x1e84)
    Vendor:   
    VRAM:     8011 MB
    Driver:   27.21.14.5751
Initialize mono
Mono path[0] = 'D:/Unity/2020.3.26f1/Editor/Data/Managed'
Mono path[1] = 'D:/Unity/2020.3.26f1/Editor/Data/MonoBleedingEdge/lib/mono/unityjit'
Mono config path = 'D:/Unity/2020.3.26f1/Editor/Data/MonoBleedingEdge/etc'
Using monoOptions --debugger-agent=transport=dt_socket,embedding=1,server=y,suspend=n,address=127.0.0.1:56164
Begin MonoManager ReloadAssembly
Registering precompiled unity dll's ...
Register platform support module: D:/Unity/2020.3.26f1/Editor/Data/PlaybackEngines/WebGLSupport/UnityEditor.WebGL.Extensions.dll
Register platform support module: D:/Unity/2020.3.26f1/Editor/Data/PlaybackEngines/WindowsStandaloneSupport/UnityEditor.WindowsStandalone.Extensions.dll
Registered in 0.001543 seconds.
Native extension for WindowsStandalone target not found
Native extension for WebGL target not found
Refreshing native plugins compatible for Editor in 43.47 ms, found 3 plugins.
Preloading 0 native plugins for Editor in 0.00 ms.
Mono: successfully reloaded assembly
- Completed reload, in  0.540 seconds
Domain Reload Profiling:
	ReloadAssembly (541ms)
		BeginReloadAssembly (50ms)
			ExecutionOrderSort (0ms)
			DisableScriptedObjects (0ms)
			BackupInstance (0ms)
			ReleaseScriptingObjects (0ms)
			CreateAndSetChildDomain (1ms)
		EndReloadAssembly (430ms)
			LoadAssemblies (50ms)
			RebuildTransferFunctionScriptingTraits (0ms)
			SetupTypeCache (140ms)
			ReleaseScriptCaches (0ms)
			RebuildScriptCaches (30ms)
			SetupLoadedEditorAssemblies (167ms)
				LogAssemblyErrors (0ms)
				InitializePlatformSupportModulesInManaged (6ms)
				SetLoadedEditorAssemblies (0ms)
				RefreshPlugins (44ms)
				BeforeProcessingInitializeOnLoad (14ms)
				ProcessInitializeOnLoadAttributes (77ms)
				ProcessInitializeOnLoadMethodAttributes (25ms)
				AfterProcessingInitializeOnLoad (0ms)
				EditorAssembliesLoaded (0ms)
			ExecutionOrderSort2 (0ms)
			AwakeInstancesAfterBackupRestoration (0ms)
Platform modules already initialized, skipping
Registering precompiled user dll's ...
Registered in 0.003730 seconds.
Begin MonoManager ReloadAssembly
Native extension for WindowsStandalone target not found
Native extension for WebGL target not found
Refreshing native plugins compatible for Editor in 49.92 ms, found 3 plugins.
Preloading 0 native plugins for Editor in 0.00 ms.
Mono: successfully reloaded assembly
- Completed reload, in  1.030 seconds
Domain Reload Profiling:
	ReloadAssembly (1561ms)
		BeginReloadAssembly (642ms)
			ExecutionOrderSort (0ms)
			DisableScriptedObjects (4ms)
			BackupInstance (0ms)
			ReleaseScriptingObjects (0ms)
			CreateAndSetChildDomain (16ms)
		EndReloadAssembly (874ms)
			LoadAssemblies (83ms)
			RebuildTransferFunctionScriptingTraits (0ms)
			SetupTypeCache (265ms)
			ReleaseScriptCaches (0ms)
			RebuildScriptCaches (47ms)
			SetupLoadedEditorAssemblies (372ms)
				LogAssemblyErrors (0ms)
				InitializePlatformSupportModulesInManaged (6ms)
				SetLoadedEditorAssemblies (0ms)
				RefreshPlugins (50ms)
				BeforeProcessingInitializeOnLoad (75ms)
				ProcessInitializeOnLoadAttributes (225ms)
				ProcessInitializeOnLoadMethodAttributes (14ms)
				AfterProcessingInitializeOnLoad (2ms)
				EditorAssembliesLoaded (0ms)
			ExecutionOrderSort2 (0ms)
			AwakeInstancesAfterBackupRestoration (6ms)
Platform modules already initialized, skipping
========================================================================
Worker process is ready to serve import requests
Launched and connected shader compiler UnityShaderCompiler.exe after 0.09 seconds
Refreshing native plugins compatible for Editor in 0.50 ms, found 3 plugins.
Preloading 0 native plugins for Editor in 0.00 ms.
Unloading 2551 Unused Serialized files (Serialized files now loaded: 0)
System memory in use before: 112.2 MB.
System memory in use after: 112.4 MB.

Unloading 31 unused Assets to reduce memory usage. Loaded Objects now: 2986.
Total: 3.322300 ms (FindLiveObjects: 0.177400 ms CreateObjectMapping: 0.092900 ms MarkObjects: 2.943100 ms  DeleteObjects: 0.108000 ms)

AssetImportParameters requested are different than current active one (requested -> active):
  custom:framework-win-MediaFoundation: 216162199b28c13a410421893ffa2e32 -> 
  custom:video-decoder-ogg-theora: a1e56fd34408186e4bbccfd4996cb3dc -> 
  custom:container-muxer-webm: aa71ff27fc2769a1b78a27578f13a17b -> 
  custom:container-demuxer-webm: 4f35f7cbe854078d1ac9338744f61a02 -> 
  custom:container-demuxer-ogg: 62fdf1f143b41e24485cea50d1cbac27 -> 
  custom:video-encoder-webm-vp8: eb34c28f22e8b96e1ab97ce403110664 -> 
  custom:video-decoder-webm-vp8: 9c59270c3fd7afecdb556c50c9e8de78 -> 
  custom:audio-decoder-ogg-vorbis: bf7c407c2cedff20999df2af8eb42d56 -> 
  custom:audio-encoder-webm-vorbis: bf7c407c2cedff20999df2af8eb42d56 -> 
========================================================================
Received Import Request.
  path: Assets/Font/DarkMagic-2O3w8.ttf
  artifactKey: Guid(e713796bb803cda4ba3438ff7ad49688) Importer(815301076,1909f56bfc062723c751e8b465ee728b)
Start importing Assets/Font/DarkMagic-2O3w8.ttf using Guid(e713796bb803cda4ba3438ff7ad49688) Importer(815301076,1909f56bfc062723c751e8b465ee728b)  -> (artifact id: '837eda69161e36a5908c04cfab808e91') in 0.150768 seconds 
  Import took 0.158041 seconds .

========================================================================
Received Import Request.
  Time since last request: 147.564150 seconds.
  path: Assets/Font/DarkMagic-K7Ejo.otf
  artifactKey: Guid(bbd253c51fe96d64d9fc2744af8224d7) Importer(815301076,1909f56bfc062723c751e8b465ee728b)
Start importing Assets/Font/DarkMagic-K7Ejo.otf using Guid(bbd253c51fe96d64d9fc2744af8224d7) Importer(815301076,1909f56bfc062723c751e8b465ee728b)  -> (artifact id: 'ad3bc9b37edf6a7f9f732a69cad12b64') in 0.015580 seconds 
  Import took 0.022600 seconds .

========================================================================
Received Import Request.
  Time since last request: 7.973625 seconds.
  path: Assets/TextMesh Pro/Resources/Fonts & Materials/LiberationSans SDF.asset
  artifactKey: Guid(8f586378b4e144a9851e7b34d9b748ee) Importer(815301076,1909f56bfc062723c751e8b465ee728b)
Start importing Assets/TextMesh Pro/Resources/Fonts & Materials/LiberationSans SDF.asset using Guid(8f586378b4e144a9851e7b34d9b748ee) Importer(815301076,1909f56bfc062723c751e8b465ee728b)  -> (artifact id: 'f1280cc7be10b532b2897fc8654f95d3') in 0.070150 seconds 
  Import took 0.077905 seconds .

========================================================================
Received Import Request.
  Time since last request: 0.000541 seconds.
  path: Assets/TextMesh Pro/Resources/Fonts & Materials/LiberationSans SDF - Fallback.asset
  artifactKey: Guid(2e498d1c8094910479dc3e1b768306a4) Importer(815301076,1909f56bfc062723c751e8b465ee728b)
Start importing Assets/TextMesh Pro/Resources/Fonts & Materials/LiberationSans SDF - Fallback.asset using Guid(2e498d1c8094910479dc3e1b768306a4) Importer(815301076,1909f56bfc062723c751e8b465ee728b)  -> (artifact id: 'b8c2210586957436df79bf961aeff06e') in 0.040044 seconds 
  Import took 0.047575 seconds .

========================================================================
Received Import Request.
  Time since last request: 25.398298 seconds.
  path: Assets/Font/DarkMagic-2O3w8.ttf
  artifactKey: Guid(e713796bb803cda4ba3438ff7ad49688) Importer(815301076,1909f56bfc062723c751e8b465ee728b)
Start importing Assets/Font/DarkMagic-2O3w8.ttf using Guid(e713796bb803cda4ba3438ff7ad49688) Importer(815301076,1909f56bfc062723c751e8b465ee728b)  -> (artifact id: '15635a69f8eb521c1e0e38ecf1548ac5') in 0.022221 seconds 
  Import took 0.037433 seconds .

========================================================================
Received Import Request.
  Time since last request: 8.914954 seconds.
  path: Packages/com.unity.2d.spriteshape/Editor/ObjectMenuCreation/DefaultAssets/Sprite Shapes/Closed Sprite Shape.prefab
  artifactKey: Guid(c0583b4e855c74b8c82e7b9b5efb5ce9) Importer(815301076,1909f56bfc062723c751e8b465ee728b)
Start importing Packages/com.unity.2d.spriteshape/Editor/ObjectMenuCreation/DefaultAssets/Sprite Shapes/Closed Sprite Shape.prefab using Guid(c0583b4e855c74b8c82e7b9b5efb5ce9) Importer(815301076,1909f56bfc062723c751e8b465ee728b)  -> (artifact id: '2d633a999cd0db5a929fdc6b8a7f437c') in 0.140898 seconds 
  Import took 0.148261 seconds .

========================================================================
Received Import Request.
  Time since last request: 0.000549 seconds.
  path: Packages/com.unity.2d.spriteshape/Editor/ObjectMenuCreation/DefaultAssets/Sprite Shapes/Open Sprite Shape.prefab
  artifactKey: Guid(86ae7de409eb54f619fb1328e4d42480) Importer(815301076,1909f56bfc062723c751e8b465ee728b)
Start importing Packages/com.unity.2d.spriteshape/Editor/ObjectMenuCreation/DefaultAssets/Sprite Shapes/Open Sprite Shape.prefab using Guid(86ae7de409eb54f619fb1328e4d42480) Importer(815301076,1909f56bfc062723c751e8b465ee728b)  -> (artifact id: 'c78a7b90d603d0a33c7b4e3280488626') in 0.012308 seconds 
  Import took 0.019738 seconds .

========================================================================
Received Import Request.
  Time since last request: 46.127303 seconds.
  path: Assets/Font/ArchkingFreeTrial-PKyXP.otf
  artifactKey: Guid(da2f94a71b307f14f8a145f0d53130f1) Importer(815301076,1909f56bfc062723c751e8b465ee728b)
Start importing Assets/Font/ArchkingFreeTrial-PKyXP.otf using Guid(da2f94a71b307f14f8a145f0d53130f1) Importer(815301076,1909f56bfc062723c751e8b465ee728b)  -> (artifact id: 'ac9980fb334738adfbb2b9c4d527f35b') in 0.036938 seconds 
  Import took 0.044333 seconds .

========================================================================
Received Import Request.
  Time since last request: 57.473024 seconds.
  path: Assets/Font/ArchkingFreeTrial-PKyXP SDF.asset
  artifactKey: Guid(9db938903568e0947bd39f3881e58004) Importer(815301076,1909f56bfc062723c751e8b465ee728b)
Start importing Assets/Font/ArchkingFreeTrial-PKyXP SDF.asset using Guid(9db938903568e0947bd39f3881e58004) Importer(815301076,1909f56bfc062723c751e8b465ee728b)  -> (artifact id: '7bd73244ccd13ecb7419bfab62532758') in 0.018841 seconds 
  Import took 0.025770 seconds .

========================================================================
Received Import Request.
  Time since last request: 27.944631 seconds.
  path: Assets/Font/DarkMagic-K7Ejo.otf
  artifactKey: Guid(bbd253c51fe96d64d9fc2744af8224d7) Importer(815301076,1909f56bfc062723c751e8b465ee728b)
Start importing Assets/Font/DarkMagic-K7Ejo.otf using Guid(bbd253c51fe96d64d9fc2744af8224d7) Importer(815301076,1909f56bfc062723c751e8b465ee728b)  -> (artifact id: '3ae72cd9edc8b65321c0d33306047732') in 0.011646 seconds 
  Import took 0.020203 seconds .

========================================================================
Received Import Request.
  Time since last request: 11.076019 seconds.
  path: Assets/Font/ArchkingFreeTrial-PKyXP SDF.asset
  artifactKey: Guid(9db938903568e0947bd39f3881e58004) Importer(815301076,1909f56bfc062723c751e8b465ee728b)
Start importing Assets/Font/ArchkingFreeTrial-PKyXP SDF.asset using Guid(9db938903568e0947bd39f3881e58004) Importer(815301076,1909f56bfc062723c751e8b465ee728b)  -> (artifact id: 'ce51c41c8566293df570d3cc98897be0') in 0.019948 seconds 
  Import took 0.027902 seconds .

========================================================================
Received Import Request.
  Time since last request: 0.000568 seconds.
  path: Assets/Font/DarkMagic-K7Ejo SDF.asset
  artifactKey: Guid(60c8020ec6f87544e8aae96bc9ad3d17) Importer(815301076,1909f56bfc062723c751e8b465ee728b)
Start importing Assets/Font/DarkMagic-K7Ejo SDF.asset using Guid(60c8020ec6f87544e8aae96bc9ad3d17) Importer(815301076,1909f56bfc062723c751e8b465ee728b)  -> (artifact id: 'e2116669d4753a28bde2c8f2cd6c01e9') in 0.021020 seconds 
  Import took 0.034147 seconds .

========================================================================
Received Import Request.
  Time since last request: 545.024589 seconds.
  path: Assets/Font/ArchkingFreeTrial-PKyXP SDF.asset
  artifactKey: Guid(9db938903568e0947bd39f3881e58004) Importer(815301076,1909f56bfc062723c751e8b465ee728b)
Start importing Assets/Font/ArchkingFreeTrial-PKyXP SDF.asset using Guid(9db938903568e0947bd39f3881e58004) Importer(815301076,1909f56bfc062723c751e8b465ee728b)  -> (artifact id: '5eef5448a28bc0ddafb82443c8b290c7') in 0.024446 seconds 
  Import took 0.032127 seconds .

